{
  "stats": {
    "suites": 1,
    "tests": 11,
    "passes": 11,
    "pending": 0,
    "failures": 0,
    "start": "2021-02-07T17:06:36.044Z",
    "end": "2021-02-07T17:06:38.804Z",
    "duration": 2760,
    "testsRegistered": 11,
    "passPercent": 100,
    "pendingPercent": 0,
    "other": 0,
    "hasOther": false,
    "skipped": 0,
    "hasSkipped": false
  },
  "results": [
    {
      "uuid": "861ae349-126e-400c-be63-07bf83e6b62a",
      "title": "",
      "fullFile": "cypress/integration/API_example.spec.js",
      "file": "cypress/integration/API_example.spec.js",
      "beforeHooks": [],
      "afterHooks": [],
      "tests": [],
      "suites": [
        {
          "uuid": "ffdf9893-dd80-45b7-b1c6-64d545052d33",
          "title": "API Testing 101",
          "fullFile": "",
          "file": "",
          "beforeHooks": [],
          "afterHooks": [],
          "tests": [
            {
              "title": "GET - Read Only ",
              "fullTitle": "API Testing 101 GET - Read Only ",
              "timedOut": null,
              "duration": 462,
              "state": "passed",
              "speed": "slow",
              "pass": true,
              "fail": false,
              "pending": false,
              "context": null,
              "code": "cy.request(\"GET\", \"/employees\");",
              "err": {},
              "uuid": "b2f229d1-dcdb-4dcb-8874-ab09bc096e2b",
              "parentUUID": "ffdf9893-dd80-45b7-b1c6-64d545052d33",
              "isHook": false,
              "skipped": false
            },
            {
              "title": "GET - Read Step One ",
              "fullTitle": "API Testing 101 GET - Read Step One ",
              "timedOut": null,
              "duration": 126,
              "state": "passed",
              "speed": "slow",
              "pass": true,
              "fail": false,
              "pending": false,
              "context": null,
              "code": "//Get a Response and validate the status code\ncy.request(\"GET\", \"/employees\").then(function (response) {\n  expect(response).to.have.property(\"status\", 200);\n  expect(response.body).to.not.be[\"null\"];\n  expect(response.body.data).to.have.length(24);\n});",
              "err": {},
              "uuid": "890bd2bf-8f62-4655-b38e-7f12c19fe6ad",
              "parentUUID": "ffdf9893-dd80-45b7-b1c6-64d545052d33",
              "isHook": false,
              "skipped": false
            },
            {
              "title": "GET - Read Step One ",
              "fullTitle": "API Testing 101 GET - Read Step One ",
              "timedOut": null,
              "duration": 142,
              "state": "passed",
              "speed": "slow",
              "pass": true,
              "fail": false,
              "pending": false,
              "context": null,
              "code": "//Get a Response and validate the status code\ncy.request(\"GET\", \"/employees\").then(function (response) {\n  expect(response).to.have.property(\"status\", 200);\n  expect(response.body).to.not.be[\"null\"];\n  expect(response.body.data).to.have.length(24);\n});",
              "err": {},
              "uuid": "f15c9e6a-bec2-4389-a5a6-0387cca584af",
              "parentUUID": "ffdf9893-dd80-45b7-b1c6-64d545052d33",
              "isHook": false,
              "skipped": false
            },
            {
              "title": "GET - Read Step One ",
              "fullTitle": "API Testing 101 GET - Read Step One ",
              "timedOut": null,
              "duration": 119,
              "state": "passed",
              "speed": "slow",
              "pass": true,
              "fail": false,
              "pending": false,
              "context": null,
              "code": "//Get a Response and validate the status code\ncy.request(\"GET\", \"/employees\").then(function (response) {\n  expect(response).to.have.property(\"status\", 200);\n  expect(response.body).to.not.be[\"null\"];\n  expect(response.body.data).to.have.length(24);\n});",
              "err": {},
              "uuid": "59266ed7-8ea1-47fc-a781-da222edbfbca",
              "parentUUID": "ffdf9893-dd80-45b7-b1c6-64d545052d33",
              "isHook": false,
              "skipped": false
            },
            {
              "title": "GET - Read Step One ",
              "fullTitle": "API Testing 101 GET - Read Step One ",
              "timedOut": null,
              "duration": 121,
              "state": "passed",
              "speed": "slow",
              "pass": true,
              "fail": false,
              "pending": false,
              "context": null,
              "code": "//Get a Response and validate the status code\ncy.request(\"GET\", \"/employees\").then(function (response) {\n  expect(response).to.have.property(\"status\", 200);\n  expect(response.body).to.not.be[\"null\"];\n  expect(response.body.data).to.have.length(24);\n});",
              "err": {},
              "uuid": "690394e4-bd54-475e-97aa-a5951d04e498",
              "parentUUID": "ffdf9893-dd80-45b7-b1c6-64d545052d33",
              "isHook": false,
              "skipped": false
            },
            {
              "title": "GET - Read Step One ",
              "fullTitle": "API Testing 101 GET - Read Step One ",
              "timedOut": null,
              "duration": 118,
              "state": "passed",
              "speed": "slow",
              "pass": true,
              "fail": false,
              "pending": false,
              "context": null,
              "code": "//Get a Response and validate the status code\ncy.request(\"GET\", \"/employees\").then(function (response) {\n  expect(response).to.have.property(\"status\", 200);\n  expect(response.body).to.not.be[\"null\"];\n  expect(response.body.data).to.have.length(24);\n});",
              "err": {},
              "uuid": "80573453-3379-406e-9d0e-2629b95c3580",
              "parentUUID": "ffdf9893-dd80-45b7-b1c6-64d545052d33",
              "isHook": false,
              "skipped": false
            },
            {
              "title": "GET - Read Step One ",
              "fullTitle": "API Testing 101 GET - Read Step One ",
              "timedOut": null,
              "duration": 130,
              "state": "passed",
              "speed": "slow",
              "pass": true,
              "fail": false,
              "pending": false,
              "context": null,
              "code": "//Get a Response and validate the status code\ncy.request(\"GET\", \"/employees\").then(function (response) {\n  expect(response).to.have.property(\"status\", 200);\n  expect(response.body).to.not.be[\"null\"];\n  expect(response.body.data).to.have.length(24);\n});",
              "err": {},
              "uuid": "4dfc453f-3a9c-4c32-875a-cd278bce8f88",
              "parentUUID": "ffdf9893-dd80-45b7-b1c6-64d545052d33",
              "isHook": false,
              "skipped": false
            },
            {
              "title": "GET - Read Step One ",
              "fullTitle": "API Testing 101 GET - Read Step One ",
              "timedOut": null,
              "duration": 126,
              "state": "passed",
              "speed": "slow",
              "pass": true,
              "fail": false,
              "pending": false,
              "context": null,
              "code": "//Get a Response and validate the status code\ncy.request(\"GET\", \"/employees\").then(function (response) {\n  expect(response).to.have.property(\"status\", 200);\n  expect(response.body).to.not.be[\"null\"];\n  expect(response.body.data).to.have.length(24);\n});",
              "err": {},
              "uuid": "a299b1bc-782c-4e10-9951-c2ef3ac1725c",
              "parentUUID": "ffdf9893-dd80-45b7-b1c6-64d545052d33",
              "isHook": false,
              "skipped": false
            },
            {
              "title": "GET - Read Step One ",
              "fullTitle": "API Testing 101 GET - Read Step One ",
              "timedOut": null,
              "duration": 115,
              "state": "passed",
              "speed": "slow",
              "pass": true,
              "fail": false,
              "pending": false,
              "context": null,
              "code": "//Get a Response and validate the status code\ncy.request(\"GET\", \"/employees\").then(function (response) {\n  expect(response).to.have.property(\"status\", 200);\n  expect(response.body).to.not.be[\"null\"];\n  expect(response.body.data).to.have.length(24);\n});",
              "err": {},
              "uuid": "dcc898ea-04e8-4a20-84f3-77a4341f5b85",
              "parentUUID": "ffdf9893-dd80-45b7-b1c6-64d545052d33",
              "isHook": false,
              "skipped": false
            },
            {
              "title": "GET - Read Step One ",
              "fullTitle": "API Testing 101 GET - Read Step One ",
              "timedOut": null,
              "duration": 117,
              "state": "passed",
              "speed": "slow",
              "pass": true,
              "fail": false,
              "pending": false,
              "context": null,
              "code": "//Get a Response and validate the status code\ncy.request(\"GET\", \"/employees\").then(function (response) {\n  expect(response).to.have.property(\"status\", 200);\n  expect(response.body).to.not.be[\"null\"];\n  expect(response.body.data).to.have.length(24);\n});",
              "err": {},
              "uuid": "8b6d40c0-a0d5-457b-bf3c-64761d6f534f",
              "parentUUID": "ffdf9893-dd80-45b7-b1c6-64d545052d33",
              "isHook": false,
              "skipped": false
            },
            {
              "title": "GET - Read Step One ",
              "fullTitle": "API Testing 101 GET - Read Step One ",
              "timedOut": null,
              "duration": 117,
              "state": "passed",
              "speed": "slow",
              "pass": true,
              "fail": false,
              "pending": false,
              "context": null,
              "code": "//Get a Response and validate the status code\ncy.request(\"GET\", \"/employees\").then(function (response) {\n  expect(response).to.have.property(\"status\", 200);\n  expect(response.body).to.not.be[\"null\"];\n  expect(response.body.data).to.have.length(24);\n});",
              "err": {},
              "uuid": "04b5d42c-1057-47d5-bd5c-416c394358ea",
              "parentUUID": "ffdf9893-dd80-45b7-b1c6-64d545052d33",
              "isHook": false,
              "skipped": false
            }
          ],
          "suites": [],
          "passes": [
            "b2f229d1-dcdb-4dcb-8874-ab09bc096e2b",
            "890bd2bf-8f62-4655-b38e-7f12c19fe6ad",
            "f15c9e6a-bec2-4389-a5a6-0387cca584af",
            "59266ed7-8ea1-47fc-a781-da222edbfbca",
            "690394e4-bd54-475e-97aa-a5951d04e498",
            "80573453-3379-406e-9d0e-2629b95c3580",
            "4dfc453f-3a9c-4c32-875a-cd278bce8f88",
            "a299b1bc-782c-4e10-9951-c2ef3ac1725c",
            "dcc898ea-04e8-4a20-84f3-77a4341f5b85",
            "8b6d40c0-a0d5-457b-bf3c-64761d6f534f",
            "04b5d42c-1057-47d5-bd5c-416c394358ea"
          ],
          "failures": [],
          "pending": [],
          "skipped": [],
          "duration": 1693,
          "root": false,
          "rootEmpty": false,
          "_timeout": 2000
        }
      ],
      "passes": [],
      "failures": [],
      "pending": [],
      "skipped": [],
      "duration": 0,
      "root": true,
      "rootEmpty": true,
      "_timeout": 2000
    }
  ],
  "meta": {
    "mocha": {
      "version": "7.0.1"
    },
    "mochawesome": {
      "options": {
        "quiet": false,
        "reportFilename": "mochawesome",
        "saveHtml": false,
        "saveJson": true,
        "consoleReporter": "spec",
        "useInlineDiffs": false,
        "code": true
      },
      "version": "6.2.1"
    },
    "marge": {
      "options": {
        "reportDir": "cypress/results",
        "overwrite": false,
        "html": false,
        "json": true
      },
      "version": "5.1.0"
    }
  }
}